Using parameter file /users/rdscher/CLASS/cs491/HPL/wheeler/intel-20/param_sweep/HPL_params.csv
Using template file /users/rdscher/CLASS/cs491/HPL/wheeler/intel-20/param_sweep/HPL_template.dat
Read param line 8: 200, 25, 16, 600000
Read param BLOCK_SIZE: 200
Read param P_VAL: 25
Read param Q_VAL: 16
Read param N_VAL: 600000
Temp directory: /carc/scratch/users/rdscher/tmp.8Dbql1wXkx
Created temporary working directory: /carc/scratch/users/rdscher/tmp.8Dbql1wXkx/8
Now running in /carc/scratch/users/rdscher/tmp.8Dbql1wXkx/8
Running xhpl in /carc/scratch/users/rdscher/tmp.8Dbql1wXkx/8...
srun: error: wheeler050: task 29: Killed
srun: error: wheeler050: task 30: Killed
srun: error: wheeler105: task 342: Killed
srun: error: wheeler047: task 6: Killed
srun: error: wheeler106: task 349: Killed
srun: error: wheeler069: task 160: Killed
srun: error: wheeler068: task 156: Killed
srun: error: wheeler157: task 388: Killed
srun: error: wheeler063: task 125: Killed
srun: error: wheeler049: task 17: Killed
srun: error: wheeler096: task 267: Killed
srun: error: wheeler055: task 67: Killed
srun: error: wheeler098: task 281: Killed
srun: error: wheeler047: task 5: Killed
srun: error: wheeler076: task 219: Killed
srun: error: wheeler071: task 182: Killed
srun: error: wheeler065: task 136: Killed
srun: error: wheeler073: tasks 195,199: Killed
srun: error: wheeler094: task 251: Killed
srun: error: wheeler059: task 103: Killed
srun: error: wheeler078: tasks 232-233: Killed
srun: error: wheeler066: tasks 149-150: Killed
srun: error: wheeler074: task 206: Killed
srun: error: wheeler101: tasks 304,311: Killed
srun: error: wheeler060: task 106: Killed
srun: error: wheeler107: task 353: Killed
srun: error: wheeler104: task 332: Killed
srun: error: wheeler075: tasks 213,215: Killed
srun: error: wheeler108: tasks 362,367: Killed
srun: error: wheeler157: task 389: Killed
srun: error: wheeler102: tasks 312,319: Killed
srun: error: wheeler056: tasks 74,79: Killed
srun: error: wheeler050: tasks 24,27: Killed
srun: error: wheeler063: task 122: Killed
srun: error: wheeler065: task 138: Killed
srun: error: wheeler048: tasks 11-12: Killed
srun: error: wheeler109: tasks 370,374: Killed
srun: error: wheeler055: task 69: Killed
srun: error: wheeler072: tasks 185,188: Killed
srun: error: slurm_send_node_msg: [socket:[8822886]] slurm_bufs_sendto(msg_type=RESPONSE_SLURM_RC) failed: Unexpected missing socket error
srun: error: wheeler057: tasks 80,87: Killed
srun: error: wheeler052: tasks 41,46: Killed
srun: error: wheeler093: tasks 240,246: Killed
srun: error: wheeler068: task 155: Killed
srun: error: wheeler103: tasks 321,324: Killed
srun: error: wheeler076: task 223: Killed
srun: error: wheeler099: tasks 288,295: Killed
srun: error: wheeler096: task 269: Killed
srun: error: wheeler095: tasks 260,263: Killed
srun: error: wheeler098: task 285: Killed
srun: error: wheeler071: task 181: Killed
srun: error: wheeler074: task 203: Killed
srun: error: wheeler059: task 98: Killed
srun: error: wheeler104: task 333: Killed
srun: error: wheeler062: tasks 112-113: Killed
srun: error: wheeler094: task 254: Killed
Abort(539088911) on node 192 (rank 192 in comm 0): Fatal error in PMPI_Send: Other MPI error, error stack:
PMPI_Send(159)...................: MPI_Send(buf=0x7ffc9fbb3820, count=1, MPI_INT, dest=224, tag=9001, comm=0x84000003) failed
MPID_Send(775)...................: 
MPIDI_send_unsafe(222)...........: 
MPIDI_OFI_send_lightweight(40)...: 
MPIDI_OFI_inject_handler_vci(671): OFI tagged inject failed (ofi_impl.h:671:MPIDI_OFI_inject_handler_vci:No route to host)
slurmstepd: error: *** STEP 749975.0 ON wheeler047 CANCELLED AT 2024-04-22T20:59:17 ***
srun: error: wheeler053: tasks 51,55: Killed
srun: error: wheeler106: task 351: Killed
srun: error: slurm_send_node_msg: [socket:[8825885]] slurm_bufs_sendto(msg_type=RESPONSE_SLURM_RC) failed: Unexpected missing socket error
srun: error: wheeler097: tasks 278-279: Killed
srun: error: wheeler182: tasks 393,396: Killed
srun: Job step aborted: Waiting up to 32 seconds for job step to finish.
srun: error: wheeler049: task 22: Killed
srun: error: wheeler058: tasks 88,92: Killed
srun: error: slurm_send_node_msg: [socket:[8824896]] slurm_bufs_sendto(msg_type=RESPONSE_SLURM_RC) failed: Unexpected missing socket error
srun: error: wheeler064: tasks 131,134: Killed
srun: error: wheeler072: tasks 185,188: Killed
srun: error: Task 185 reported exit for a second time.
srun: error: Task 188 reported exit for a second time.
srun: error: wheeler069: task 162: Killed
srun: error: slurm_send_node_msg: [socket:[8824904]] slurm_bufs_sendto(msg_type=RESPONSE_SLURM_RC) failed: Unexpected missing socket error
srun: error: wheeler054: tasks 62-63: Killed
srun: error: wheeler066: tasks 146,148: Killed
srun: error: wheeler060: task 110: Killed
srun: error: wheeler055: tasks 66,70: Killed
srun: error: wheeler048: tasks 8-9,14: Killed
srun: error: wheeler062: task 116: Killed
srun: error: wheeler052: task 45: Killed
srun: error: wheeler071: tasks 180,183: Killed
srun: error: wheeler094: tasks 250,253: Killed
srun: error: wheeler057: tasks 83,85: Killed
srun: error: wheeler068: tasks 153,157: Killed
srun: error: wheeler047: tasks 2,7: Killed
srun: error: wheeler065: tasks 141,143: Killed
srun: error: wheeler059: tasks 96,101: Killed
srun: error: wheeler074: tasks 201-202: Killed
srun: error: wheeler095: tasks 259,261: Killed
srun: error: wheeler056: tasks 75,78: Killed
srun: error: wheeler093: tasks 242,244-245: Killed
srun: error: wheeler063: tasks 120,124: Killed
srun: error: wheeler073: tasks 193-194: Killed
srun: error: wheeler096: tasks 266,271: Killed
srun: error: wheeler075: task 214: Killed
srun: error: wheeler076: tasks 218,220: Killed
srun: error: wheeler105: task 337: Killed
srun: error: wheeler050: task 25: Killed
srun: error: wheeler051: tasks 38-39: Killed
srun: error: wheeler078: tasks 234-238: Killed
srun: error: wheeler157: tasks 384-386,390-391: Killed
srun: error: wheeler106: task 351: Killed
srun: error: Task 351 reported exit for a second time.
srun: error: wheeler101: tasks 305,308: Killed
srun: error: wheeler104: tasks 329-330: Killed
srun: error: wheeler109: tasks 371,375: Killed
srun: error: wheeler102: tasks 315,318: Killed
srun: error: wheeler103: tasks 323,327: Killed
srun: error: wheeler098: tasks 282,286: Killed
srun: error: wheeler099: tasks 291,294: Killed
srun: error: wheeler108: tasks 361,364: Killed
srun: error: wheeler107: task 356: Killed
srun: error: wheeler070: tasks 168-169,171-172: Killed
srun: error: wheeler069: task 162: Killed
srun: error: Task 162 reported exit for a second time.
srun: error: wheeler110: tasks 379,381: Killed
srun: error: wheeler058: tasks 88,92: Killed
srun: error: Task 88 reported exit for a second time.
srun: error: Task 92 reported exit for a second time.
srun: error: wheeler100: tasks 297,302: Killed
srun: error: wheeler078: task 239: Killed
srun: error: wheeler157: task 387: Killed
srun: error: wheeler052: tasks 40,42-44,47: Killed
srun: error: wheeler182: tasks 392,394-395,397-399: Killed
srun: error: wheeler097: tasks 272-277: Killed
srun: error: wheeler094: tasks 248-249,252,255: Killed
srun: error: wheeler054: tasks 56-61: Killed
srun: error: wheeler071: tasks 176-179: Killed
srun: error: wheeler050: tasks 26,28,31: Killed
srun: error: wheeler074: tasks 200,204-205,207: Killed
srun: error: wheeler072: tasks 184,186-187,189-191: Killed
srun: error: wheeler065: tasks 137,139-140,142: Killed
srun: error: wheeler049: tasks 16,18-21,23: Killed
srun: error: wheeler075: tasks 208-212: Killed
srun: error: wheeler048: tasks 10,13,15: Killed
srun: error: wheeler064: tasks 128-130,132-133,135: Killed
srun: error: wheeler066: tasks 144-145,147,151: Killed
srun: error: wheeler101: tasks 306-307,309-310: Killed
srun: error: wheeler062: tasks 114-115,117-119: Killed
srun: error: wheeler070: tasks 170,173-175: Killed
srun: error: wheeler095: tasks 256-258,262: Killed
srun: error: wheeler076: tasks 216-217,221-222: Killed
srun: error: wheeler109: tasks 368-369,372-373: Killed
srun: error: wheeler057: tasks 81-82,84,86: Killed
srun: error: wheeler060: tasks 104-105,107-109,111: Killed
srun: error: wheeler058: tasks 89-91,93-95: Killed
srun: error: wheeler102: tasks 313-314,316-317: Killed
srun: error: wheeler099: tasks 289-290,292-293: Killed
srun: error: wheeler108: tasks 360,363,365-366: Killed
srun: error: wheeler059: tasks 97,99-100,102: Killed
srun: error: wheeler106: tasks 344-348,350: Killed
srun: error: wheeler055: tasks 64-65,68,71: Killed
srun: error: wheeler110: tasks 376-378,380,382-383: Killed
srun: error: wheeler073: tasks 192,196-198: Killed
srun: error: wheeler063: tasks 121,123,126-127: Killed
srun: error: wheeler047: tasks 0-1,3-4: Killed
srun: error: wheeler068: tasks 152,154,158-159: Killed
srun: error: wheeler093: tasks 241,243,247: Killed
srun: error: wheeler056: tasks 72-73,76-77: Killed
srun: error: wheeler107: tasks 352,354-355,357-359: Killed
srun: error: wheeler098: tasks 280,283-284,287: Killed
srun: error: wheeler069: tasks 161,163-167: Killed
srun: error: wheeler100: tasks 296,298-301,303: Killed
srun: error: wheeler051: tasks 32-37: Killed
srun: error: wheeler096: tasks 264-265,268,270: Killed
srun: error: wheeler105: tasks 336,338-341,343: Killed
srun: error: wheeler104: tasks 328,331,334-335: Killed
srun: error: wheeler103: tasks 320,322,325-326: Killed
srun: error: wheeler053: tasks 48,53: Killed
srun: error: wheeler053: tasks 49,54: Killed
srun: error: wheeler053: tasks 50,52: Killed
srun: error: wheeler077: task 224: Killed
srun: error: wheeler077: tasks 226,229-230: Killed
srun: error: wheeler077: tasks 225,227-228,231: Killed
xhpl finished
Results: Gflops : Rate of execution for solving the linear system. The following parameter values will be used:
Results data: Gflops : Rate of execution for solving the linear system. The following parameter values will be used:
Results Gflops: used:
Writing input parameters and gflops to /users/rdscher/CLASS/cs491/HPL/wheeler/intel-20/param_sweep/HPL_results.csv
Deleted /carc/scratch/users/rdscher/tmp.8Dbql1wXkx
