Using parameter file /users/rdscher/CLASS/cs491/HPL/wheeler/intel-20/param_sweep/HPL_params.csv
Using template file /users/rdscher/CLASS/cs491/HPL/wheeler/intel-20/param_sweep/HPL_template.dat
Read param line 5: 200, 25, 16, 500000
Read param BLOCK_SIZE: 200
Read param P_VAL: 25
Read param Q_VAL: 16
Read param N_VAL: 500000
Temp directory: /carc/scratch/users/rdscher/tmp.XRKToXF9qw
Created temporary working directory: /carc/scratch/users/rdscher/tmp.XRKToXF9qw/5
Now running in /carc/scratch/users/rdscher/tmp.XRKToXF9qw/5
Running xhpl in /carc/scratch/users/rdscher/tmp.XRKToXF9qw/5...
srun: error: wheeler050: task 28: Killed
srun: error: wheeler061: task 114: Killed
srun: error: wheeler050: task 26: Killed
srun: error: wheeler061: task 115: Killed
Abort(203544591) on node 364 (rank 364 in comm 0): Fatal error in PMPI_Send: Other MPI error, error stack:
PMPI_Send(159).................: MPI_Send(buf=0x2b75d8732088, count=312000, MPI_DOUBLE, dest=1, tag=1001, comm=0x84000006) failed
MPID_Send(775).................: 
MPIDI_send_unsafe(222).........: 
MPIDI_OFI_send_normal(398).....: 
MPIDI_OFI_send_handler_vci(647): OFI tagged send failed (ofi_impl.h:647:MPIDI_OFI_send_handler_vci:No route to host)
Abort(941742095) on node 362 (rank 362 in comm 0): Fatal error in PMPI_Send: Other MPI error, error stack:
PMPI_Send(159).................: MPI_Send(buf=0x2b1c66e6d088, count=312000, MPI_DOUBLE, dest=1, tag=1001, comm=0x84000006) failed
MPID_Send(775).................: 
MPIDI_send_unsafe(222).........: 
MPIDI_OFI_send_normal(398).....: 
MPIDI_OFI_send_handler_vci(647): OFI tagged send failed (ofi_impl.h:647:MPIDI_OFI_send_handler_vci:No route to host)
srun: Job step aborted: Waiting up to 32 seconds for job step to finish.
slurmstepd: error: *** STEP 749972.0 ON wheeler047 CANCELLED AT 2024-04-22T20:52:13 ***
srun: error: wheeler072: tasks 200-207: Killed
srun: error: wheeler048: tasks 8-15: Killed
srun: error: wheeler104: tasks 344-348,350-351: Killed
srun: error: wheeler107: tasks 368-372,374-375: Killed
srun: error: wheeler053: tasks 48-51,53-55: Killed
srun: error: wheeler062: tasks 120,122-124: Killed
srun: error: wheeler102: tasks 328-335: Killed
srun: error: wheeler065: tasks 144-149,151: Killed
srun: error: wheeler051: tasks 33-35,38: Killed
srun: error: wheeler104: task 349: Killed
srun: error: wheeler106: tasks 360-367: Killed
srun: error: wheeler052: tasks 40-43,45-47: Killed
srun: error: wheeler100: tasks 312-319: Killed
srun: error: wheeler107: task 373: Killed
srun: error: wheeler053: task 52: Killed
srun: error: wheeler064: tasks 136-143: Killed
srun: error: wheeler105: tasks 352-359: Killed
srun: error: wheeler093: tasks 256-263: Killed
srun: error: wheeler065: task 150: Killed
srun: error: wheeler058: tasks 88-95: Killed
srun: error: wheeler052: task 44: Killed
srun: error: wheeler055: tasks 64-71: Killed
srun: error: wheeler109: tasks 384-391: Killed
srun: error: wheeler056: tasks 72-79: Killed
srun: error: wheeler060: tasks 104-111: Killed
srun: error: wheeler094: tasks 264-271: Killed
srun: error: wheeler057: tasks 80-87: Killed
srun: error: wheeler049: tasks 16-23: Killed
srun: error: wheeler074: tasks 216-223: Killed
srun: error: wheeler067: tasks 160-167: Killed
srun: error: wheeler063: tasks 128-135: Killed
srun: error: wheeler070: tasks 185-186,191: Killed
srun: error: wheeler103: tasks 336-343: Killed
srun: error: wheeler062: tasks 121,125-127: Killed
srun: error: wheeler073: tasks 208-211,213-215: Killed
srun: error: wheeler059: tasks 96-103: Killed
srun: error: wheeler071: tasks 192-199: Killed
srun: error: wheeler047: tasks 0-1,3-7: Killed
srun: error: wheeler050: tasks 24,29: Killed
srun: error: wheeler097: tasks 288-295: Killed
srun: error: wheeler077: tasks 240-247: Killed
srun: error: wheeler051: tasks 32,36-37,39: Killed
srun: error: wheeler073: task 212: Killed
srun: error: wheeler096: tasks 280,283,285,287: Killed
srun: error: wheeler098: tasks 299,301-303: Killed
srun: error: wheeler068: tasks 168-175: Killed
srun: error: wheeler075: tasks 225,227,229-230: Killed
srun: error: wheeler070: tasks 184,187-190: Killed
srun: error: wheeler069: tasks 176-179,181-183: Killed
srun: error: wheeler108: tasks 376-383: Killed
srun: error: wheeler047: task 2: Killed
srun: error: wheeler061: tasks 112-113,116-119: Killed
srun: error: wheeler110: tasks 392-394,397-399: Killed
srun: error: wheeler076: tasks 232-234,238: Killed
srun: error: wheeler054: tasks 56-63: Killed
srun: error: wheeler101: tasks 320-321,324,327: Killed
srun: error: wheeler099: tasks 304-311: Killed
srun: error: wheeler095: tasks 272-279: Killed
srun: error: wheeler069: task 180: Killed
srun: error: wheeler050: tasks 25,27,30-31: Killed
srun: error: wheeler066: tasks 152-153,156-159: Segmentation fault
srun: error: wheeler096: tasks 281-282,284,286: Killed
srun: error: wheeler075: tasks 224,226,228,231: Killed
srun: error: wheeler098: tasks 296-298,300: Killed
srun: error: wheeler110: tasks 395-396: Killed
srun: error: wheeler076: tasks 235-237,239: Killed
srun: error: wheeler078: tasks 248-249,251-252,254-255: Killed
srun: error: wheeler101: tasks 322-323,325-326: Killed
srun: error: wheeler078: tasks 250,253: Killed
srun: error: wheeler066: tasks 154-155: Killed
xhpl finished
Results: Gflops : Rate of execution for solving the linear system. The following parameter values will be used:
Results data: Gflops : Rate of execution for solving the linear system. The following parameter values will be used:
Results Gflops: used:
Writing input parameters and gflops to /users/rdscher/CLASS/cs491/HPL/wheeler/intel-20/param_sweep/HPL_results.csv
Deleted /carc/scratch/users/rdscher/tmp.XRKToXF9qw
