Using parameter file /users/rdscher/CLASS/cs491/HPCG/param_sweep/multi-gpu/HPCG_params.csv
Using template file /users/rdscher/CLASS/cs491/HPCG/param_sweep/multi-gpu/HPCG_template.dat
Read param line 1: 112, 112, 112, 60
Read param NX: 112
Read param NY: 112
Read param NZ: 112
Read param TIME: 60
Temp directory: /carc/scratch/users/rdscher/tmp.hYS7uC573P
Created temporary working directory: /carc/scratch/users/rdscher/tmp.hYS7uC573P/1
Now running in /carc/scratch/users/rdscher/tmp.hYS7uC573P/1
Running xhpcg in /carc/scratch/users/rdscher/tmp.hYS7uC573P/1...
13:4: not a valid test operator: (
13:4: not a valid test operator: for
13:4: not a valid test operator: (
13:4: not a valid test operator: for
13:4: not a valid test operator: (
13:4: not a valid test operator: for
13:4: not a valid test operator: (
13:4: not a valid test operator: for
 ** On entry to cusparseCreate(): CUDA context cannot be initialized

 ** On entry to cusparseSetStream() parameter number 1 (handle) had an illegal value: NULL pointer

 ** On entry to cusparseSetPointerMode() parameter number 1 (handle) had an illegal value: NULL pointer

CUDART: cudaMalloc((void**)&(send_buffer_d), 27*sendbufld*sizeof(local_int_t)) = 100 (no CUDA-capable device is detected) on hopper050 at (../src/SetupHalo.cpp:80)
 ** On entry to cusparseCreate(): CUDA context cannot be initialized

 ** On entry to cusparseSetStream() parameter number 1 (handle) had an illegal value: NULL pointer

 ** On entry to cusparseSetPointerMode() parameter number 1 (handle) had an illegal value: NULL pointer

CUDART: cudaMalloc((void**)&(send_buffer_d), 27*sendbufld*sizeof(local_int_t)) = 100 (no CUDA-capable device is detected) on hopper050 at (../src/SetupHalo.cpp:80)
 ** On entry to cusparseCreate(): CUDA context cannot be initialized

 ** On entry to cusparseSetStream() parameter number 1 (handle) had an illegal value: NULL pointer

 ** On entry to cusparseSetPointerMode() parameter number 1 (handle) had an illegal value: NULL pointer

CUDART: cudaMalloc((void**)&(send_buffer_d), 27*sendbufld*sizeof(local_int_t)) = 100 (no CUDA-capable device is detected) on hopper050 at (../src/SetupHalo.cpp:80)
srun: error: hopper050: tasks 1-3: Exited with exit code 1
srun: Job step aborted: Waiting up to 32 seconds for job step to finish.
slurmstepd: error: *** STEP 2495177.0 ON hopper050 CANCELLED AT 2024-05-04T16:59:42 ***
slurmstepd: error: *** JOB 2495177 ON hopper050 CANCELLED AT 2024-05-04T16:59:42 ***
