Using parameter file /users/rdscher/CLASS/cs491/HPL/verify/hopper/HPL_params.csv
Using template file /users/rdscher/CLASS/cs491/HPL/verify/hopper/HPL_template.dat
Read param line 12: ##
Read param BLOCK_SIZE: ##
Read param P_VAL:
Read param Q_VAL:
Read param N_VAL:
Temp directory: /carc/scratch/users/rdscher/tmp.wTAKzkQUs0
Created temporary working directory: /carc/scratch/users/rdscher/tmp.wTAKzkQUs0/12
Now running in /carc/scratch/users/rdscher/tmp.wTAKzkQUs0/12
Running xhpl in /carc/scratch/users/rdscher/tmp.wTAKzkQUs0/12...
To request GPUs, add --gpus-per-node X or --gpus X, where X is the desired number of GPUs.
Job 2461992 running on hopper[002,004,006-007]
HPL ERROR from process # 0, on line 367 of function HPL_pdinfo:
>>> Value of NB less than 1 <<<

HPL ERROR from process # 0, on line 621 of function HPL_pdinfo:
>>> Illegal input in file HPL.dat. Exiting ... <<<

srun: error: hopper007: task 96: Exited with exit code 1
srun: error: hopper004: tasks 32,51: Exited with exit code 1
srun: error: hopper007: tasks 97-101,103,105,107,110,113,116,122: Exited with exit code 1
srun: error: hopper004: tasks 33-50,52-63: Exited with exit code 1
srun: error: hopper007: tasks 102,104,106,108-109,111-112,114-115,117-121,123-127: Exited with exit code 1
srun: error: hopper002: tasks 0-31: Exited with exit code 1
srun: error: hopper006: tasks 64-95: Exited with exit code 1
xhpl finished
Results:
Results data:
Results Gflops:
Writing input parameters and gflops to /users/rdscher/CLASS/cs491/HPL/verify/hopper/HPL_results.csv
Deleted /carc/scratch/users/rdscher/tmp.wTAKzkQUs0
