slurmstepd: error: Failed to initialize NVML: Driver Not Loaded
slurmstepd: error: Failed to get device count: Uninitialized
Thu Apr 18 12:38:31 MDT 2024
To request GPUs, add --gpus-per-node X or --gpus X, where X is the desired number of GPUs.
Job 2458009 running on hopper[035,037,041,053]
================================================================================
HPLinpack 2.3  --  High-Performance Linpack benchmark  --   December 2, 2018
Written by A. Petitet and R. Clint Whaley,  Innovative Computing Laboratory, UTK
Modified by Piotr Luszczek, Innovative Computing Laboratory, UTK
Modified by Julien Langou, University of Colorado Denver
================================================================================

An explanation of the input/output parameters follows:
T/V    : Wall time / encoded variant.
N      : The order of the coefficient matrix A.
NB     : The partitioning blocking factor.
P      : The number of process rows.
Q      : The number of process columns.
Time   : Time in seconds to solve the linear system.
Gflops : Rate of execution for solving the linear system.

The following parameter values will be used:

N      :  190000 
NB     :     336 
PMAP   : Row-major process mapping
P      :      16 
Q      :       8 
PFACT  :   Right 
NBMIN  :       4 
NDIV   :       2 
RFACT  :   Right 
BCAST  :   2ring 
DEPTH  :       1 
SWAP   : Spread-roll (long)
L1     : transposed form
U      : transposed form
EQUIL  : yes
ALIGN  : 8 double precision words

--------------------------------------------------------------------------------

- The matrix A is randomly generated for each test.
- The following scaled residual check will be computed:
      ||Ax-b||_oo / ( eps * ( || x ||_oo * || A ||_oo + || b ||_oo ) * N )
- The relative machine precision (eps) is taken to be               1.110223e-16
- Computational tests pass if scaled residuals are less than                16.0

slurmstepd: error: Failed to get device count: Uninitialized
slurmstepd: error: Failed to get device count: Uninitialized
slurmstepd: error: Failed to get device count: Uninitialized
slurmstepd: error: Failed to get device count: Uninitialized
slurmstepd: error: Failed to get device count: Uninitialized
slurmstepd: error: Failed to get device count: Uninitialized
slurmstepd: error: Failed to get device count: Uninitialized
slurmstepd: error: Failed to get device count: Uninitialized
slurmstepd: error: Failed to get device count: Uninitialized
slurmstepd: error: Failed to get device count: Uninitialized
slurmstepd: error: Failed to get device count: Uninitialized
slurmstepd: error: Failed to get device count: Uninitialized
slurmstepd: error: Failed to get device count: Uninitialized
slurmstepd: error: Failed to get device count: Uninitialized
slurmstepd: error: Failed to get device count: Uninitialized
slurmstepd: error: Failed to get device count: Uninitialized
slurmstepd: error: Failed to get device count: Uninitialized
slurmstepd: error: Failed to get device count: Uninitialized
slurmstepd: error: Failed to get device count: Uninitialized
slurmstepd: error: Failed to get device count: Uninitialized
slurmstepd: error: Failed to get device count: Uninitialized
slurmstepd: error: Failed to get device count: Uninitialized
slurmstepd: error: Failed to get device count: Uninitialized
slurmstepd: error: Failed to get device count: Uninitialized
slurmstepd: error: Failed to get device count: Uninitialized
slurmstepd: error: Failed to get device count: Uninitialized
slurmstepd: error: Failed to get device count: Uninitialized
slurmstepd: error: Failed to get device count: Uninitialized
slurmstepd: error: Failed to get device count: Uninitialized
slurmstepd: error: Failed to get device count: Uninitialized
slurmstepd: error: Failed to get device count: Uninitialized
slurmstepd: error: Failed to get device count: Uninitialized
slurmstepd: error: Failed to get device count: Uninitialized
slurmstepd: error: Failed to get device count: Uninitialized
slurmstepd: error: Failed to get device count: Uninitialized
slurmstepd: error: Failed to get device count: Uninitialized
slurmstepd: error: Failed to get device count: Uninitialized
slurmstepd: error: Failed to get device count: Uninitialized
slurmstepd: error: Failed to get device count: Uninitialized
slurmstepd: error: Failed to get device count: Uninitialized
slurmstepd: error: Failed to get device count: Uninitialized
slurmstepd: error: Failed to get device count: Uninitialized
slurmstepd: error: Failed to get device count: Uninitialized
slurmstepd: error: Failed to get device count: Uninitialized
slurmstepd: error: Failed to get device count: Uninitialized
slurmstepd: error: Failed to get device count: Uninitialized
slurmstepd: error: Failed to get device count: Uninitialized
slurmstepd: error: Failed to get device count: Uninitialized
slurmstepd: error: Failed to get device count: Uninitialized
slurmstepd: error: Failed to get device count: Uninitialized
slurmstepd: error: Failed to get device count: Uninitialized
slurmstepd: error: Failed to get device count: Uninitialized
slurmstepd: error: Failed to get device count: Uninitialized
slurmstepd: error: Failed to get device count: Uninitialized
slurmstepd: error: Failed to get device count: Uninitialized
slurmstepd: error: Failed to get device count: Uninitialized
slurmstepd: error: Failed to get device count: Uninitialized
slurmstepd: error: Failed to get device count: Uninitialized
slurmstepd: error: Failed to get device count: Uninitialized
slurmstepd: error: Failed to get device count: Uninitialized
slurmstepd: error: Failed to get device count: Uninitialized
slurmstepd: error: Failed to get device count: Uninitialized
slurmstepd: error: Failed to get device count: Uninitialized
slurmstepd: error: Failed to get device count: Uninitialized
slurmstepd: error: Failed to get device count: Uninitialized
slurmstepd: error: Failed to get device count: Uninitialized
slurmstepd: error: Failed to get device count: Uninitialized
slurmstepd: error: Failed to get device count: Uninitialized
slurmstepd: error: Failed to get device count: Uninitialized
slurmstepd: error: Failed to get device count: Uninitialized
slurmstepd: error: Failed to get device count: Uninitialized
slurmstepd: error: Failed to get device count: Uninitialized
slurmstepd: error: Failed to get device count: Uninitialized
slurmstepd: error: Failed to get device count: Uninitialized
slurmstepd: error: Failed to get device count: Uninitialized
slurmstepd: error: Failed to get device count: Uninitialized
slurmstepd: error: Failed to get device count: Uninitialized
slurmstepd: error: Failed to get device count: Uninitialized
slurmstepd: error: Failed to get device count: Uninitialized
slurmstepd: error: Failed to get device count: Uninitialized
slurmstepd: error: Failed to get device count: Uninitialized
slurmstepd: error: Failed to get device count: Uninitialized
slurmstepd: error: Failed to get device count: Uninitialized
slurmstepd: error: Failed to get device count: Uninitialized
slurmstepd: error: Failed to get device count: Uninitialized
slurmstepd: error: Failed to get device count: Uninitialized
slurmstepd: error: Failed to get device count: Uninitialized
slurmstepd: error: Failed to get device count: Uninitialized
slurmstepd: error: Failed to get device count: Uninitialized
slurmstepd: error: Failed to get device count: Uninitialized
slurmstepd: error: Failed to get device count: Uninitialized
slurmstepd: error: Failed to get device count: Uninitialized
slurmstepd: error: Failed to get device count: Uninitialized
slurmstepd: error: Failed to get device count: Uninitialized
slurmstepd: error: Failed to get device count: Uninitialized
slurmstepd: error: Failed to get device count: Uninitialized
================================================================================
T/V                N    NB     P     Q               Time                 Gflops
--------------------------------------------------------------------------------
WR12R2R4      190000   336    16     8             959.94             4.7636e+03
HPL_pdgesv() start time Thu Apr 18 12:38:40 2024

HPL_pdgesv() end time   Thu Apr 18 12:54:40 2024

--------------------------------------------------------------------------------
||Ax-b||_oo/(eps*(||A||_oo*||x||_oo+||b||_oo)*N)=   1.35163075e-03 ...... PASSED
================================================================================

Finished      1 tests with the following results:
              1 tests completed and passed residual checks,
              0 tests completed and failed residual checks,
              0 tests skipped because of illegal input values.
--------------------------------------------------------------------------------

End of Tests.
================================================================================
Thu Apr 18 12:54:47 MDT 2024
