Using parameter file /users/rdscher/CLASS/cs491/HPL/hopper/gcc-11/param_sweep/HPL_params.csv
Using template file /users/rdscher/CLASS/cs491/HPL/hopper/gcc-11/param_sweep/HPL_template.dat
Read param line 3: 336, 16, 8, 200000
Read param BLOCK_SIZE: 336
Read param P_VAL: 16
Read param Q_VAL: 8
Read param N_VAL: 200000
Temp directory: /carc/scratch/users/rdscher/tmp.DRuLpOPkrR
Created temporary working directory: /carc/scratch/users/rdscher/tmp.DRuLpOPkrR/3
Now running in /carc/scratch/users/rdscher/tmp.DRuLpOPkrR/3
Running xhpl in /carc/scratch/users/rdscher/tmp.DRuLpOPkrR/3...
To request GPUs, add --gpus-per-node X or --gpus X, where X is the desired number of GPUs.
Job 2458886 running on hopper[002-005]
--------------------------------------------------------------------------
It appears as if there is not enough space for /tmp/ompi.hopper005.3792/jf.34054/0/shared_mem_cuda_pool.hopper005 (the shared-memory backing
file). It is likely that your MPI job will now either abort or experience
performance degradation.

  Local host:  hopper005
  Space Requested: 134217736 B
  Space Available: 21966848 B
--------------------------------------------------------------------------
[hopper005:2990561] create_and_attach: unable to create shared memory BTL coordinating strucure :: size 134217728 
slurmstepd: error: Detected 1 oom_kill event in StepId=2458886.0. Some of the step tasks have been OOM Killed.
srun: error: hopper005: task 99: Out Of Memory
slurmstepd: error: Detected 1 oom_kill event in StepId=2458886.0. Some of the step tasks have been OOM Killed.
[hopper005:2990561] *** An error occurred in MPI_Send
[hopper005:2990561] *** reported by process [2231762944,96]
[hopper005:2990561] *** on communicator MPI COMMUNICATOR 5 SPLIT FROM 3
[hopper005:2990561] *** MPI_ERR_OTHER: known error not in list
[hopper005:2990561] *** MPI_ERRORS_ARE_FATAL (processes in this communicator will now abort,
[hopper005:2990561] ***    and potentially your MPI job)
srun: Job step aborted: Waiting up to 32 seconds for job step to finish.
slurmstepd: error: *** STEP 2458886.0 ON hopper002 CANCELLED AT 2024-04-19T09:32:52 ***
srun: error: hopper004: tasks 64-66,70,72,74,78-80,82-83,85-86,88,91-92,94: Killed
srun: error: hopper003: tasks 32-63: Killed
srun: error: hopper004: tasks 67-69,71,73,75-77,81,84,87,89-90,93,95: Killed
xhpl finished
Results: Gflops : Rate of execution for solving the linear system. The following parameter values will be used:
Results data: Gflops : Rate of execution for solving the linear system. The following parameter values will be used:
Results Gflops: used:
Writing input parameters and gflops to /users/rdscher/CLASS/cs491/HPL/hopper/gcc-11/param_sweep/HPL_results.csv
Deleted /carc/scratch/users/rdscher/tmp.DRuLpOPkrR
