Using parameter file /users/rdscher/CLASS/cs491/HPL/hopper/gcc-11/param_sweep/HPL_params.csv
Using template file /users/rdscher/CLASS/cs491/HPL/hopper/gcc-11/param_sweep/HPL_template.dat
Read param line 6: 336, 16, 8, 160000
Read param BLOCK_SIZE: 336
Read param P_VAL: 16
Read param Q_VAL: 8
Read param N_VAL: 160000
Temp directory: /carc/scratch/users/rdscher/tmp.TIFEtV0Mj9
Created temporary working directory: /carc/scratch/users/rdscher/tmp.TIFEtV0Mj9/6
Now running in /carc/scratch/users/rdscher/tmp.TIFEtV0Mj9/6
Running xhpl in /carc/scratch/users/rdscher/tmp.TIFEtV0Mj9/6...
To request GPUs, add --gpus-per-node X or --gpus X, where X is the desired number of GPUs.
Job 2459504 running on hopper[002-005]
--------------------------------------------------------------------------
It appears as if there is not enough space for /tmp/ompi.hopper005.3792/jf.34672/0/shared_mem_cuda_pool.hopper005 (the shared-memory backing
file). It is likely that your MPI job will now either abort or experience
performance degradation.

  Local host:  hopper005
  Space Requested: 134217736 B
  Space Available: 8876032 B
--------------------------------------------------------------------------
[hopper005:3026937] create_and_attach: unable to create shared memory BTL coordinating strucure :: size 134217728 
slurmstepd: error: Detected 1 oom_kill event in StepId=2459504.0. Some of the step tasks have been OOM Killed.
srun: error: hopper005: task 117: Out Of Memory
[hopper005:3026945] *** An error occurred in MPI_Send
[hopper005:3026945] *** reported by process [2272264192,104]
[hopper005:3026945] *** on communicator MPI COMMUNICATOR 5 SPLIT FROM 3
[hopper005:3026945] *** MPI_ERR_OTHER: known error not in list
[hopper005:3026945] *** MPI_ERRORS_ARE_FATAL (processes in this communicator will now abort,
[hopper005:3026945] ***    and potentially your MPI job)
[hopper005:3026953] *** An error occurred in MPI_Send
[hopper005:3026953] *** reported by process [2272264192,112]
[hopper005:3026953] *** on communicator MPI COMMUNICATOR 5 SPLIT FROM 3
[hopper005:3026953] *** MPI_ERR_OTHER: known error not in list
[hopper005:3026953] *** MPI_ERRORS_ARE_FATAL (processes in this communicator will now abort,
[hopper005:3026953] ***    and potentially your MPI job)
srun: Job step aborted: Waiting up to 32 seconds for job step to finish.
slurmstepd: error: *** STEP 2459504.0 ON hopper002 CANCELLED AT 2024-04-19T18:12:29 ***
srun: error: hopper004: tasks 64-95: Killed
srun: error: hopper002: tasks 0-31: Killed
srun: error: hopper003: tasks 32-63: Killed
xhpl finished
Results: Gflops : Rate of execution for solving the linear system. The following parameter values will be used:
Results data: Gflops : Rate of execution for solving the linear system. The following parameter values will be used:
Results Gflops: used:
Writing input parameters and gflops to /users/rdscher/CLASS/cs491/HPL/hopper/gcc-11/param_sweep/HPL_results.csv
Deleted /carc/scratch/users/rdscher/tmp.TIFEtV0Mj9
