Using parameter file /users/rdscher/CLASS/cs491/HPL/hopper/gcc-11/param_sweep/HPL_params.csv
Using template file /users/rdscher/CLASS/cs491/HPL/hopper/gcc-11/param_sweep/HPL_template.dat
Read param line 1: 336, 16, 8, 125000
Read param BLOCK_SIZE: 336
Read param P_VAL: 16
Read param Q_VAL: 8
Read param N_VAL: 125000
Temp directory: /carc/scratch/users/rdscher/tmp.0Eolzu1a6w
Created temporary working directory: /carc/scratch/users/rdscher/tmp.0Eolzu1a6w/1
Now running in /carc/scratch/users/rdscher/tmp.0Eolzu1a6w/1
Running xhpl in /carc/scratch/users/rdscher/tmp.0Eolzu1a6w/1...
To request GPUs, add --gpus-per-node X or --gpus X, where X is the desired number of GPUs.
Job 2458645 running on hopper[002-005]
--------------------------------------------------------------------------
It appears as if there is not enough space for /tmp/ompi.hopper005.3792/jf.33813/0/shared_mem_cuda_pool.hopper005 (the shared-memory backing
file). It is likely that your MPI job will now either abort or experience
performance degradation.

  Local host:  hopper005
  Space Requested: 134217736 B
  Space Available: 22503424 B
--------------------------------------------------------------------------
[hopper005:2989104] create_and_attach: unable to create shared memory BTL coordinating strucure :: size 134217728 
xhpl finished
Results: Gflops : Rate of execution for solving the linear system. The following parameter values will be used: -- T/V N NB P Q Time Gflops -------------------------------------------------------------------------------- WR11C2R4 125000 336 16 8 366.40 3.5538e+03
Results data: Gflops : Rate of execution for solving the linear system. The following parameter values will be used: -- T/V N NB P Q Time Gflops -------------------------------------------------------------------------------- WR11C2R4 125000 336 16 8 366.40 3.5538e+03
Results Gflops: 3.5538e+03
Writing input parameters and gflops to /users/rdscher/CLASS/cs491/HPL/hopper/gcc-11/param_sweep/HPL_results.csv
Deleted /carc/scratch/users/rdscher/tmp.0Eolzu1a6w
