Using parameter file /users/rdscher/CLASS/cs491/HPL/hopper/gcc-11/param_sweep/HPL_params.csv
Using template file /users/rdscher/CLASS/cs491/HPL/hopper/gcc-11/param_sweep/HPL_template.dat
Read param line 6: 208. 8, 4, 30000
Read param BLOCK_SIZE: 208. 8
Read param P_VAL: 4
Read param Q_VAL: 30000
Read param N_VAL:
Temp directory: /carc/scratch/users/rdscher/tmp.qoB76cP9Gc
Created temporary working directory: /carc/scratch/users/rdscher/tmp.qoB76cP9Gc/6
Now running in /carc/scratch/users/rdscher/tmp.qoB76cP9Gc/6
Running xhpl in /carc/scratch/users/rdscher/tmp.qoB76cP9Gc/6...
To request GPUs, add --gpus-per-node X or --gpus X, where X is the desired number of GPUs.
Job 2450338 running on hopper007
HPL ERROR from process # 0, on line 419 of function HPL_pdinfo:
>>> Need at least 120000 processes for these tests <<<

HPL ERROR from process # 0, on line 621 of function HPL_pdinfo:
>>> Illegal input in file HPL.dat. Exiting ... <<<

srun: error: hopper007: tasks 0-31: Exited with exit code 1
xhpl finished
Results:
Results data:
Results Gflops:
Writing input parameters and gflops to /users/rdscher/CLASS/cs491/HPL/hopper/gcc-11/param_sweep/HPL_results.csv
Deleted /carc/scratch/users/rdscher/tmp.qoB76cP9Gc
