Using parameter file /users/rdscher/CLASS/cs491/HPCG/param_sweep/cpu/HPCG_params.csv
Using template file /users/rdscher/CLASS/cs491/HPCG/param_sweep/cpu/HPCG_template.dat
Read param line 10: 112, 128, 176, 60
Read param NX: 112
Read param NY: 128
Read param NZ: 176
Read param TIME: 60
Temp directory: /carc/scratch/users/rdscher/tmp.qMTo7aUhKv
Created temporary working directory: /carc/scratch/users/rdscher/tmp.qMTo7aUhKv/10
Now running in /carc/scratch/users/rdscher/tmp.qMTo7aUhKv/10
Running xhpcg in /carc/scratch/users/rdscher/tmp.qMTo7aUhKv/10...
To request GPUs, add --gpus-per-node X or --gpus X, where X is the desired number of GPUs.
Job 2498537 running on hopper[008-009]
xhpcg finished
find: ‘’: No such file or directory




-- Benchmark Running --








-- Benchmark Complete --








-- HPCG Results --




HPCG-Benchmark
version=3.1
Release date=March 28, 2019
Machine Summary=
Machine Summary::Distributed Processes=64
Machine Summary::Threads per processes=32
Global Problem Dimensions=
Global Problem Dimensions::Global nx=448
Global Problem Dimensions::Global ny=512
Global Problem Dimensions::Global nz=704
Processor Dimensions=
Processor Dimensions::npx=4
Processor Dimensions::npy=4
Processor Dimensions::npz=4
Local Domain Dimensions=
Local Domain Dimensions::nx=112
Local Domain Dimensions::ny=128
Local Domain Dimensions::Lower ipz=0
Local Domain Dimensions::Upper ipz=3
Local Domain Dimensions::nz=176
########## Problem Summary  ##########=
Setup Information=
Setup Information::Setup Time=704.759
Linear System Information=
Linear System Information::Number of Equations=161480704
Linear System Information::Number of Nonzero Terms=4343705080
Multigrid Information=
Multigrid Information::Number of coarse grid levels=3
Multigrid Information::Coarse Grids=
Multigrid Information::Coarse Grids::Grid Level=1
Multigrid Information::Coarse Grids::Number of Equations=20185088
Multigrid Information::Coarse Grids::Number of Nonzero Terms=540933880
Multigrid Information::Coarse Grids::Number of Presmoother Steps=1
Multigrid Information::Coarse Grids::Number of Postsmoother Steps=1
Multigrid Information::Coarse Grids::Grid Level=2
Multigrid Information::Coarse Grids::Number of Equations=2523136
Multigrid Information::Coarse Grids::Number of Nonzero Terms=67111288
Multigrid Information::Coarse Grids::Number of Presmoother Steps=1
Multigrid Information::Coarse Grids::Number of Postsmoother Steps=1
Multigrid Information::Coarse Grids::Grid Level=3
Multigrid Information::Coarse Grids::Number of Equations=315392
Multigrid Information::Coarse Grids::Number of Nonzero Terms=8263480
Multigrid Information::Coarse Grids::Number of Presmoother Steps=1
Multigrid Information::Coarse Grids::Number of Postsmoother Steps=1
########## Memory Use Summary  ##########=
Memory Use Information=
Memory Use Information::Total memory used for data (Gbytes)=115.487
Memory Use Information::Memory used for OptimizeProblem data (Gbytes)=0
Memory Use Information::Bytes per equation (Total memory / Number of Equations)=715.172
Memory Use Information::Memory used for linear system and CG (Gbytes)=101.63
Memory Use Information::Coarse Grids=
Memory Use Information::Coarse Grids::Grid Level=1
Memory Use Information::Coarse Grids::Memory used=12.1461
Memory Use Information::Coarse Grids::Grid Level=2
Memory Use Information::Coarse Grids::Memory used=1.52018
Memory Use Information::Coarse Grids::Grid Level=3
Memory Use Information::Coarse Grids::Memory used=0.190522
########## V&V Testing Summary  ##########=
Spectral Convergence Tests=
Spectral Convergence Tests::Result=PASSED
Spectral Convergence Tests::Unpreconditioned=
Spectral Convergence Tests::Unpreconditioned::Maximum iteration count=11
Spectral Convergence Tests::Unpreconditioned::Expected iteration count=12
Spectral Convergence Tests::Preconditioned=
Spectral Convergence Tests::Preconditioned::Maximum iteration count=2
Spectral Convergence Tests::Preconditioned::Expected iteration count=2
Departure from Symmetry |x'Ay-y'Ax|/(2*||x||*||A||*||y||)/epsilon=
Departure from Symmetry |x'Ay-y'Ax|/(2*||x||*||A||*||y||)/epsilon::Result=PASSED
Departure from Symmetry |x'Ay-y'Ax|/(2*||x||*||A||*||y||)/epsilon::Departure for SpMV=2.27263e-12
Departure from Symmetry |x'Ay-y'Ax|/(2*||x||*||A||*||y||)/epsilon::Departure for MG=4.54525e-12
########## Iterations Summary  ##########=
Iteration Count Information=
Iteration Count Information::Result=PASSED
Iteration Count Information::Reference CG iterations per set=50
Iteration Count Information::Optimized CG iterations per set=50
Iteration Count Information::Total number of reference iterations=50
Iteration Count Information::Total number of optimized iterations=50
########## Reproducibility Summary  ##########=
Reproducibility Information=
Reproducibility Information::Result=PASSED
Reproducibility Information::Scaled residual mean=0.00454598
Reproducibility Information::Scaled residual variance=0
########## Performance Summary (times in sec) ##########=
Benchmark Time Summary=
Benchmark Time Summary::Optimization phase=2.77214e-07
Benchmark Time Summary::DDOT=217.481
Benchmark Time Summary::WAXPBY=12.787
Benchmark Time Summary::SpMV=41.0075
Benchmark Time Summary::MG=1120.28
Benchmark Time Summary::Total=1391.56
Floating Point Operations Summary=
Floating Point Operations Summary::Raw DDOT=4.87672e+10
Floating Point Operations Summary::Raw WAXPBY=4.87672e+10
Floating Point Operations Summary::Raw SpMV=4.43058e+11
Floating Point Operations Summary::Raw MG=2.47753e+12
Floating Point Operations Summary::Total=3.01812e+12
Floating Point Operations Summary::Total with convergence overhead=3.01812e+12
GB/s Summary=
GB/s Summary::Raw Read B/W=13.3597
GB/s Summary::Raw Write B/W=3.0873
GB/s Summary::Raw Total B/W=16.447
GB/s Summary::Total with convergence and optimization phase overhead=15.6542
GFLOP/s Summary=
GFLOP/s Summary::Raw DDOT=0.224237
GFLOP/s Summary::Raw WAXPBY=3.8138
GFLOP/s Summary::Raw SpMV=10.8043
GFLOP/s Summary::Raw MG=2.21152
GFLOP/s Summary::Raw Total=2.16888
GFLOP/s Summary::Total with convergence overhead=2.16888
GFLOP/s Summary::Total with convergence and optimization phase overhead=2.06433
User Optimization Overheads=
User Optimization Overheads::Optimization phase time (sec)=2.77214e-07
User Optimization Overheads::Optimization phase time vs reference SpMV+MG time=9.81178e-09
DDOT Timing Variations=
DDOT Timing Variations::Min DDOT MPI_Allreduce time=198.26
DDOT Timing Variations::Max DDOT MPI_Allreduce time=265.481
DDOT Timing Variations::Avg DDOT MPI_Allreduce time=239.643
Final Summary=
Final Summary::HPCG result is VALID with a GFLOP/s rating of=2.06433
Final Summary::HPCG 2.4 rating for historical reasons is=2.16888
Final Summary::Reference version of ComputeDotProduct used=Performance results are most likely suboptimal
Final Summary::Reference version of ComputeSPMV used=Performance results are most likely suboptimal
Final Summary::Reference version of ComputeMG used and number of threads greater than 1=Performance results are severely suboptimal
Final Summary::Reference version of ComputeWAXPBY used=Performance results are most likely suboptimal
Final Summary::Results are valid but execution time (sec) is=1391.56
Final Summary::Official results execution time (sec) must be at least=1800




-- HPCG Results End --




Final Summary:
Final Summary::HPCG result is VALID with a GFLOP/s rating of=2.06433
Results Gflops: 2.06433
Writing input parameters and gflops to /users/rdscher/CLASS/cs491/HPCG/param_sweep/cpu/HPCG_results.csv
