Using parameter file /users/rdscher/CLASS/cs491/HPCG/param_sweep/cpu/HPCG_params.csv
Using template file /users/rdscher/CLASS/cs491/HPCG/param_sweep/cpu/HPCG_template.dat
Read param line 6: 112, 128, 112, 60
Read param NX: 112
Read param NY: 128
Read param NZ: 112
Read param TIME: 60
Temp directory: /carc/scratch/users/rdscher/tmp.52QhzOHO4j
Created temporary working directory: /carc/scratch/users/rdscher/tmp.52QhzOHO4j/6
Now running in /carc/scratch/users/rdscher/tmp.52QhzOHO4j/6
Running xhpcg in /carc/scratch/users/rdscher/tmp.52QhzOHO4j/6...
To request GPUs, add --gpus-per-node X or --gpus X, where X is the desired number of GPUs.
Job 2494616 running on hopper[008-009]
xhpcg finished
find: ‘’: No such file or directory




-- Benchmark Running --








-- Benchmark Complete --








-- HPCG Results --




HPCG-Benchmark
version=3.1
Release date=March 28, 2019
Machine Summary=
Machine Summary::Distributed Processes=64
Machine Summary::Threads per processes=32
Global Problem Dimensions=
Global Problem Dimensions::Global nx=448
Global Problem Dimensions::Global ny=512
Global Problem Dimensions::Global nz=448
Processor Dimensions=
Processor Dimensions::npx=4
Processor Dimensions::npy=4
Processor Dimensions::npz=4
Local Domain Dimensions=
Local Domain Dimensions::nx=112
Local Domain Dimensions::ny=128
Local Domain Dimensions::Lower ipz=0
Local Domain Dimensions::Upper ipz=3
Local Domain Dimensions::nz=112
########## Problem Summary  ##########=
Setup Information=
Setup Information::Setup Time=441.067
Linear System Information=
Linear System Information::Number of Equations=102760448
Linear System Information::Number of Nonzero Terms=2762678776
Multigrid Information=
Multigrid Information::Number of coarse grid levels=3
Multigrid Information::Coarse Grids=
Multigrid Information::Coarse Grids::Grid Level=1
Multigrid Information::Coarse Grids::Number of Equations=12845056
Multigrid Information::Coarse Grids::Number of Nonzero Terms=343857400
Multigrid Information::Coarse Grids::Number of Presmoother Steps=1
Multigrid Information::Coarse Grids::Number of Postsmoother Steps=1
Multigrid Information::Coarse Grids::Grid Level=2
Multigrid Information::Coarse Grids::Number of Equations=1605632
Multigrid Information::Coarse Grids::Number of Nonzero Terms=42614392
Multigrid Information::Coarse Grids::Number of Presmoother Steps=1
Multigrid Information::Coarse Grids::Number of Postsmoother Steps=1
Multigrid Information::Coarse Grids::Grid Level=3
Multigrid Information::Coarse Grids::Number of Equations=200704
Multigrid Information::Coarse Grids::Number of Nonzero Terms=5235640
Multigrid Information::Coarse Grids::Number of Presmoother Steps=1
Multigrid Information::Coarse Grids::Number of Postsmoother Steps=1
########## Memory Use Summary  ##########=
Memory Use Information=
Memory Use Information::Total memory used for data (Gbytes)=73.4987
Memory Use Information::Memory used for OptimizeProblem data (Gbytes)=0
Memory Use Information::Bytes per equation (Total memory / Number of Equations)=715.243
Memory Use Information::Memory used for linear system and CG (Gbytes)=64.6789
Memory Use Information::Coarse Grids=
Memory Use Information::Coarse Grids::Grid Level=1
Memory Use Information::Coarse Grids::Memory used=7.73074
Memory Use Information::Coarse Grids::Grid Level=2
Memory Use Information::Coarse Grids::Memory used=0.967746
Memory Use Information::Coarse Grids::Grid Level=3
Memory Use Information::Coarse Grids::Memory used=0.121337
########## V&V Testing Summary  ##########=
Spectral Convergence Tests=
Spectral Convergence Tests::Result=PASSED
Spectral Convergence Tests::Unpreconditioned=
Spectral Convergence Tests::Unpreconditioned::Maximum iteration count=11
Spectral Convergence Tests::Unpreconditioned::Expected iteration count=12
Spectral Convergence Tests::Preconditioned=
Spectral Convergence Tests::Preconditioned::Maximum iteration count=2
Spectral Convergence Tests::Preconditioned::Expected iteration count=2
Departure from Symmetry |x'Ay-y'Ax|/(2*||x||*||A||*||y||)/epsilon=
Departure from Symmetry |x'Ay-y'Ax|/(2*||x||*||A||*||y||)/epsilon::Result=PASSED
Departure from Symmetry |x'Ay-y'Ax|/(2*||x||*||A||*||y||)/epsilon::Departure for SpMV=2.80607e-12
Departure from Symmetry |x'Ay-y'Ax|/(2*||x||*||A||*||y||)/epsilon::Departure for MG=0
########## Iterations Summary  ##########=
Iteration Count Information=
Iteration Count Information::Result=PASSED
Iteration Count Information::Reference CG iterations per set=50
Iteration Count Information::Optimized CG iterations per set=50
Iteration Count Information::Total number of reference iterations=50
Iteration Count Information::Total number of optimized iterations=50
########## Reproducibility Summary  ##########=
Reproducibility Information=
Reproducibility Information::Result=PASSED
Reproducibility Information::Scaled residual mean=0.0044503
Reproducibility Information::Scaled residual variance=0
########## Performance Summary (times in sec) ##########=
Benchmark Time Summary=
Benchmark Time Summary::Optimization phase=2.45403e-07
Benchmark Time Summary::DDOT=218.941
Benchmark Time Summary::WAXPBY=4.92629
Benchmark Time Summary::SpMV=37.3483
Benchmark Time Summary::MG=768.055
Benchmark Time Summary::Total=1029.4
Floating Point Operations Summary=
Floating Point Operations Summary::Raw DDOT=3.10337e+10
Floating Point Operations Summary::Raw WAXPBY=3.10337e+10
Floating Point Operations Summary::Raw SpMV=2.81793e+11
Floating Point Operations Summary::Raw MG=1.57562e+12
Floating Point Operations Summary::Total=1.91948e+12
Floating Point Operations Summary::Total with convergence overhead=1.91948e+12
GB/s Summary=
GB/s Summary::Raw Read B/W=11.486
GB/s Summary::Raw Write B/W=2.65432
GB/s Summary::Raw Total B/W=14.1404
GB/s Summary::Total with convergence and optimization phase overhead=13.5594
GFLOP/s Summary=
GFLOP/s Summary::Raw DDOT=0.141745
GFLOP/s Summary::Raw WAXPBY=6.2996
GFLOP/s Summary::Raw SpMV=7.545
GFLOP/s Summary::Raw MG=2.05145
GFLOP/s Summary::Raw Total=1.86467
GFLOP/s Summary::Total with convergence overhead=1.86467
GFLOP/s Summary::Total with convergence and optimization phase overhead=1.78805
User Optimization Overheads=
User Optimization Overheads::Optimization phase time (sec)=2.45403e-07
User Optimization Overheads::Optimization phase time vs reference SpMV+MG time=1.27325e-08
DDOT Timing Variations=
DDOT Timing Variations::Min DDOT MPI_Allreduce time=204.114
DDOT Timing Variations::Max DDOT MPI_Allreduce time=266.405
DDOT Timing Variations::Avg DDOT MPI_Allreduce time=241.095
Final Summary=
Final Summary::HPCG result is VALID with a GFLOP/s rating of=1.78805
Final Summary::HPCG 2.4 rating for historical reasons is=1.86467
Final Summary::Reference version of ComputeDotProduct used=Performance results are most likely suboptimal
Final Summary::Reference version of ComputeSPMV used=Performance results are most likely suboptimal
Final Summary::Reference version of ComputeMG used and number of threads greater than 1=Performance results are severely suboptimal
Final Summary::Reference version of ComputeWAXPBY used=Performance results are most likely suboptimal
Final Summary::Results are valid but execution time (sec) is=1029.4
Final Summary::Official results execution time (sec) must be at least=1800




-- HPCG Results End --




Final Summary:
Final Summary::HPCG result is VALID with a GFLOP/s rating of=1.78805
Results Gflops: 1.78805
Writing input parameters and gflops to /users/rdscher/CLASS/cs491/HPCG/param_sweep/cpu/HPCG_results.csv
