Using parameter file /users/rdscher/CLASS/cs491/HPCG/param_sweep/gpu/HPCG_params.csv
Using template file /users/rdscher/CLASS/cs491/HPCG/param_sweep/gpu/HPCG_template.dat
Read param line 8: 384, 384, 384, 300
Read param NX: 384
Read param NY: 384
Read param NZ: 384
Read param TIME: 300
Temp directory: /carc/scratch/users/rdscher/tmp.UKjVSlLoKe
Created temporary working directory: /carc/scratch/users/rdscher/tmp.UKjVSlLoKe/8
Now running in /carc/scratch/users/rdscher/tmp.UKjVSlLoKe/8
Running xhpcg in /carc/scratch/users/rdscher/tmp.UKjVSlLoKe/8...
13:4: not a valid test operator: (
13:4: not a valid test operator: for
/users/rdscher/CLASS/cs491/HPCG/hpcg.sh: line 299: 1796307 Killed                  ${NUMCMD} ${CPUBIND} ${MEMBIND} ${XHPCG} ${DAT} ${HPCG_CONTROL}
srun: error: hopper049: task 0: Out Of Memory
slurmstepd: error: Detected 1 oom_kill event in StepId=2477557.0. Some of the step tasks have been OOM Killed.
xhpcg finished
Final Summary:

Results Gflops: 
Writing input parameters and gflops to /users/rdscher/CLASS/cs491/HPCG/param_sweep/gpu/HPCG_results.csv
