Using parameter file /users/rdscher/CLASS/cs491/HPCG/param_sweep/gpu/HPCG_params.csv
Using template file /users/rdscher/CLASS/cs491/HPCG/param_sweep/gpu/HPCG_template.dat
Read param line 7: 320, 320, 320, 300
Read param NX: 320
Read param NY: 320
Read param NZ: 320
Read param TIME: 300
Temp directory: /carc/scratch/users/rdscher/tmp.RlKBtUuIk0
Created temporary working directory: /carc/scratch/users/rdscher/tmp.RlKBtUuIk0/7
Now running in /carc/scratch/users/rdscher/tmp.RlKBtUuIk0/7
Running xhpcg in /carc/scratch/users/rdscher/tmp.RlKBtUuIk0/7...
13:4: not a valid test operator: (
13:4: not a valid test operator: for
/users/rdscher/CLASS/cs491/HPCG/hpcg.sh: line 299: 1800324 Killed                  ${NUMCMD} ${CPUBIND} ${MEMBIND} ${XHPCG} ${DAT} ${HPCG_CONTROL}
slurmstepd: error: Detected 1 oom_kill event in StepId=2477956.0. Some of the step tasks have been OOM Killed.
srun: error: hopper050: task 0: Out Of Memory
xhpcg finished
Final Summary:

Results Gflops: 
Writing input parameters and gflops to /users/rdscher/CLASS/cs491/HPCG/param_sweep/gpu/HPCG_results.csv
