Using parameter file /users/rdscher/CLASS/cs491/HPCG/param_sweep/gpu/HPCG_params.csv
Using template file /users/rdscher/CLASS/cs491/HPCG/param_sweep/gpu/HPCG_template.dat
Read param line 31: 128, 144, 112, 60
Read param NX: 128
Read param NY: 144
Read param NZ: 112
Read param TIME: 60
Temp directory: /carc/scratch/users/rdscher/tmp.Z52fFAwaSN
Created temporary working directory: /carc/scratch/users/rdscher/tmp.Z52fFAwaSN/31
Now running in /carc/scratch/users/rdscher/tmp.Z52fFAwaSN/31
Running xhpcg in /carc/scratch/users/rdscher/tmp.Z52fFAwaSN/31...
13:4: not a valid test operator: (
13:4: not a valid test operator: for
13:4: not a valid test operator: (
13:4: not a valid test operator: for
13:4: not a valid test operator: (
13:4: not a valid test operator: for
13:4: not a valid test operator: (
13:4: not a valid test operator: for
xhpcg finished
Final Summary:
Final Summary::HPCG result is VALID with a GFLOP/s rating of=13.9401
Results Gflops: 13.9401
Writing input parameters and gflops to /users/rdscher/CLASS/cs491/HPCG/param_sweep/gpu/HPCG_results.csv
