Using parameter file /users/rdscher/CLASS/cs491/HPCG/param_sweep/gpu/HPCG_params.csv
Using template file /users/rdscher/CLASS/cs491/HPCG/param_sweep/gpu/HPCG_template.dat
Read param line 23: 184, 184, 184, 60
Read param NX: 184
Read param NY: 184
Read param NZ: 184
Read param TIME: 60
Temp directory: /carc/scratch/users/rdscher/tmp.rDu3t94A3L
Created temporary working directory: /carc/scratch/users/rdscher/tmp.rDu3t94A3L/23
Now running in /carc/scratch/users/rdscher/tmp.rDu3t94A3L/23
Running xhpcg in /carc/scratch/users/rdscher/tmp.rDu3t94A3L/23...
13:4: not a valid test operator: (
13:4: not a valid test operator: for
/users/rdscher/CLASS/cs491/HPCG/hpcg.sh: line 299: 1817057 Killed                  ${NUMCMD} ${CPUBIND} ${MEMBIND} ${XHPCG} ${DAT} ${HPCG_CONTROL}
srun: error: hopper050: task 0: Out Of Memory
slurmstepd: error: Detected 1 oom_kill event in StepId=2478535.0. Some of the step tasks have been OOM Killed.
xhpcg finished
Final Summary:

Results Gflops: 
Writing input parameters and gflops to /users/rdscher/CLASS/cs491/HPCG/param_sweep/gpu/HPCG_results.csv
