Using parameter file /users/rdscher/CLASS/cs491/HPCG/param_sweep/gpu/HPCG_params.csv
Using template file /users/rdscher/CLASS/cs491/HPCG/param_sweep/gpu/HPCG_template.dat
Read param line 22: 128, 112, 128, 60
Read param NX: 128
Read param NY: 112
Read param NZ: 128
Read param TIME: 60
Temp directory: /carc/scratch/users/rdscher/tmp.NnqsY0QyGD
Created temporary working directory: /carc/scratch/users/rdscher/tmp.NnqsY0QyGD/22
Now running in /carc/scratch/users/rdscher/tmp.NnqsY0QyGD/22
Running xhpcg in /carc/scratch/users/rdscher/tmp.NnqsY0QyGD/22...
13:4: not a valid test operator: (
13:4: not a valid test operator: for
13:4: not a valid test operator: (
13:4: not a valid test operator: for
13:4: not a valid test operator: (
13:4: not a valid test operator: for
13:4: not a valid test operator: (
13:4: not a valid test operator: for
xhpcg finished
Final Summary:
Final Summary::HPCG result is VALID with a GFLOP/s rating of=13.1966
Results Gflops: 13.1966
Writing input parameters and gflops to /users/rdscher/CLASS/cs491/HPCG/param_sweep/gpu/HPCG_results.csv
