Using parameter file /users/rdscher/CLASS/cs491/HPCG/param_sweep/gpu/HPCG_params.csv
Using template file /users/rdscher/CLASS/cs491/HPCG/param_sweep/gpu/HPCG_template.dat
Read param line 3: 112, 112, 144, 60
Read param NX: 112
Read param NY: 112
Read param NZ: 144
Read param TIME: 60
Temp directory: /carc/scratch/users/rdscher/tmp.SiEK7muI43
Created temporary working directory: /carc/scratch/users/rdscher/tmp.SiEK7muI43/3
Now running in /carc/scratch/users/rdscher/tmp.SiEK7muI43/3
Running xhpcg in /carc/scratch/users/rdscher/tmp.SiEK7muI43/3...
13:4: not a valid test operator: (
13:4: not a valid test operator: (
13:4: not a valid test operator: for
13:4: not a valid test operator: (
13:4: not a valid test operator: (
13:4: not a valid test operator: for
13:4: not a valid test operator: for
13:4: not a valid test operator: for
xhpcg finished
Final Summary:
Final Summary::HPCG result is VALID with a GFLOP/s rating of=385.586
Results Gflops: 385.586
Writing input parameters and gflops to /users/rdscher/CLASS/cs491/HPCG/param_sweep/gpu/HPCG_results.csv
