Using parameter file /users/rdscher/CLASS/cs491/HPCG/param_sweep/gpu/HPCG_params.csv
Using template file /users/rdscher/CLASS/cs491/HPCG/param_sweep/gpu/HPCG_template.dat
Read param line 9: 112, 128, 160, 60
Read param NX: 112
Read param NY: 128
Read param NZ: 160
Read param TIME: 60
Temp directory: /carc/scratch/users/rdscher/tmp.DxIrU7kT3E
Created temporary working directory: /carc/scratch/users/rdscher/tmp.DxIrU7kT3E/9
Now running in /carc/scratch/users/rdscher/tmp.DxIrU7kT3E/9
Running xhpcg in /carc/scratch/users/rdscher/tmp.DxIrU7kT3E/9...
13:4: not a valid test operator: (
13:4: not a valid test operator: for
13:4: not a valid test operator: (
13:4: not a valid test operator: for
13:4: not a valid test operator: (
13:4: not a valid test operator: for
13:4: not a valid test operator: (
13:4: not a valid test operator: for
xhpcg finished
Final Summary:
Final Summary::HPCG result is VALID with a GFLOP/s rating of=15.2536
Results Gflops: 15.2536
Writing input parameters and gflops to /users/rdscher/CLASS/cs491/HPCG/param_sweep/gpu/HPCG_results.csv
