Using parameter file /users/rdscher/CLASS/cs491/HPCG/param_sweep/gpu/HPCG_params.csv
Using template file /users/rdscher/CLASS/cs491/HPCG/param_sweep/gpu/HPCG_template.dat
Read param line 11: 112, 144, 112, 60
Read param NX: 112
Read param NY: 144
Read param NZ: 112
Read param TIME: 60
Temp directory: /carc/scratch/users/rdscher/tmp.BLpyV0I9d6
Created temporary working directory: /carc/scratch/users/rdscher/tmp.BLpyV0I9d6/11
Now running in /carc/scratch/users/rdscher/tmp.BLpyV0I9d6/11
Running xhpcg in /carc/scratch/users/rdscher/tmp.BLpyV0I9d6/11...
13:4: not a valid test operator: (
13:4: not a valid test operator: for
13:4: not a valid test operator: (
13:4: not a valid test operator: for
13:4: not a valid test operator: (
13:4: not a valid test operator: for
13:4: not a valid test operator: (
13:4: not a valid test operator: for
xhpcg finished
Final Summary:
Final Summary::HPCG result is VALID with a GFLOP/s rating of=12.9249
Results Gflops: 12.9249
Writing input parameters and gflops to /users/rdscher/CLASS/cs491/HPCG/param_sweep/gpu/HPCG_results.csv
