Using parameter file /users/rdscher/CLASS/cs491/HPCG/param_sweep/gpu/HPCG_params.csv
Using template file /users/rdscher/CLASS/cs491/HPCG/param_sweep/gpu/HPCG_template.dat
Read param line 2: 112, 112, 128, 60
Read param NX: 112
Read param NY: 112
Read param NZ: 128
Read param TIME: 60
Temp directory: /carc/scratch/users/rdscher/tmp.F15tb2loCW
Created temporary working directory: /carc/scratch/users/rdscher/tmp.F15tb2loCW/2
Now running in /carc/scratch/users/rdscher/tmp.F15tb2loCW/2
Running xhpcg in /carc/scratch/users/rdscher/tmp.F15tb2loCW/2...
13:4: not a valid test operator: (
13:4: not a valid test operator: for
13:4: not a valid test operator: (
13:4: not a valid test operator: (
13:4: not a valid test operator: (
13:4: not a valid test operator: for
13:4: not a valid test operator: for
13:4: not a valid test operator: for
xhpcg finished
Final Summary:
Final Summary::HPCG result is VALID with a GFLOP/s rating of=381.269
Results Gflops: 381.269
Writing input parameters and gflops to /users/rdscher/CLASS/cs491/HPCG/param_sweep/gpu/HPCG_results.csv
