Using parameter file /users/rdscher/CLASS/cs491/HPCG/param_sweep/gpu/HPCG_params.csv
Using template file /users/rdscher/CLASS/cs491/HPCG/param_sweep/gpu/HPCG_template.dat
Read param line 24: 192, 192, 192, 60
Read param NX: 192
Read param NY: 192
Read param NZ: 192
Read param TIME: 60
Temp directory: /carc/scratch/users/rdscher/tmp.H5d4K1seyw
Created temporary working directory: /carc/scratch/users/rdscher/tmp.H5d4K1seyw/24
Now running in /carc/scratch/users/rdscher/tmp.H5d4K1seyw/24
Running xhpcg in /carc/scratch/users/rdscher/tmp.H5d4K1seyw/24...
13:4: not a valid test operator: (
13:4: not a valid test operator: for
/users/rdscher/CLASS/cs491/HPCG/hpcg.sh: line 299: 1817309 Killed                  ${NUMCMD} ${CPUBIND} ${MEMBIND} ${XHPCG} ${DAT} ${HPCG_CONTROL}
srun: error: hopper050: task 0: Out Of Memory
slurmstepd: error: Detected 1 oom_kill event in StepId=2478299.0. Some of the step tasks have been OOM Killed.
xhpcg finished
Final Summary:

Results Gflops: 
Writing input parameters and gflops to /users/rdscher/CLASS/cs491/HPCG/param_sweep/gpu/HPCG_results.csv
