Using parameter file /users/rdscher/CLASS/cs491/HPCG/param_sweep/gpu/HPCG_params.csv
Using template file /users/rdscher/CLASS/cs491/HPCG/param_sweep/gpu/HPCG_template.dat
Read param line 26: 128, 128, 112, 60
Read param NX: 128
Read param NY: 128
Read param NZ: 112
Read param TIME: 60
Temp directory: /carc/scratch/users/rdscher/tmp.AsM33F3GoN
Created temporary working directory: /carc/scratch/users/rdscher/tmp.AsM33F3GoN/26
Now running in /carc/scratch/users/rdscher/tmp.AsM33F3GoN/26
Running xhpcg in /carc/scratch/users/rdscher/tmp.AsM33F3GoN/26...
13:4: not a valid test operator: (
13:4: not a valid test operator: for
13:4: not a valid test operator: (
13:4: not a valid test operator: for
13:4: not a valid test operator: (
13:4: not a valid test operator: for
13:4: not a valid test operator: (
13:4: not a valid test operator: for
xhpcg finished
Final Summary:
Final Summary::HPCG result is VALID with a GFLOP/s rating of=13.6803
Results Gflops: 13.6803
Writing input parameters and gflops to /users/rdscher/CLASS/cs491/HPCG/param_sweep/gpu/HPCG_results.csv
