Using parameter file /users/rdscher/CLASS/cs491/HPCG/param_sweep/gpu/HPCG_params.csv
Using template file /users/rdscher/CLASS/cs491/HPCG/param_sweep/gpu/HPCG_template.dat
Read param line 8: 112, 128, 144, 60
Read param NX: 112
Read param NY: 128
Read param NZ: 144
Read param TIME: 60
Temp directory: /carc/scratch/users/rdscher/tmp.sTaoEMHZqT
Created temporary working directory: /carc/scratch/users/rdscher/tmp.sTaoEMHZqT/8
Now running in /carc/scratch/users/rdscher/tmp.sTaoEMHZqT/8
Running xhpcg in /carc/scratch/users/rdscher/tmp.sTaoEMHZqT/8...
13:4: not a valid test operator: (
13:4: not a valid test operator: for
13:4: not a valid test operator: (
13:4: not a valid test operator: for
13:4: not a valid test operator: (
13:4: not a valid test operator: for
13:4: not a valid test operator: (
13:4: not a valid test operator: for
xhpcg finished
Final Summary:
Final Summary::HPCG result is VALID with a GFLOP/s rating of=12.0745
Results Gflops: 12.0745
Writing input parameters and gflops to /users/rdscher/CLASS/cs491/HPCG/param_sweep/gpu/HPCG_results.csv
