Using parameter file /users/rdscher/CLASS/cs491/HPCG/param_sweep/gpu/HPCG_params.csv
Using template file /users/rdscher/CLASS/cs491/HPCG/param_sweep/gpu/HPCG_template.dat
Read param line 32: 128, 144, 128, 60
Read param NX: 128
Read param NY: 144
Read param NZ: 128
Read param TIME: 60
Temp directory: /carc/scratch/users/rdscher/tmp.evdh99ixvy
Created temporary working directory: /carc/scratch/users/rdscher/tmp.evdh99ixvy/32
Now running in /carc/scratch/users/rdscher/tmp.evdh99ixvy/32
Running xhpcg in /carc/scratch/users/rdscher/tmp.evdh99ixvy/32...
13:4: not a valid test operator: (
13:4: not a valid test operator: for
13:4: not a valid test operator: (
13:4: not a valid test operator: for
13:4: not a valid test operator: (
13:4: not a valid test operator: for
13:4: not a valid test operator: (
13:4: not a valid test operator: for
xhpcg finished
Final Summary:
Final Summary::HPCG result is VALID with a GFLOP/s rating of=14.4623
Results Gflops: 14.4623
Writing input parameters and gflops to /users/rdscher/CLASS/cs491/HPCG/param_sweep/gpu/HPCG_results.csv
