Using parameter file /users/rdscher/CLASS/cs491/HPCG/param_sweep/gpu/HPCG_params.csv
Using template file /users/rdscher/CLASS/cs491/HPCG/param_sweep/gpu/HPCG_template.dat
Read param line 25: 128, 112, 176, 60
Read param NX: 128
Read param NY: 112
Read param NZ: 176
Read param TIME: 60
Temp directory: /carc/scratch/users/rdscher/tmp.c5ykYziFN9
Created temporary working directory: /carc/scratch/users/rdscher/tmp.c5ykYziFN9/25
Now running in /carc/scratch/users/rdscher/tmp.c5ykYziFN9/25
Running xhpcg in /carc/scratch/users/rdscher/tmp.c5ykYziFN9/25...
13:4: not a valid test operator: (
13:4: not a valid test operator: for
13:4: not a valid test operator: (
13:4: not a valid test operator: for
13:4: not a valid test operator: (
13:4: not a valid test operator: for
13:4: not a valid test operator: (
13:4: not a valid test operator: for
xhpcg finished
Final Summary:
Final Summary::HPCG result is VALID with a GFLOP/s rating of=17.5515
Results Gflops: 17.5515
Writing input parameters and gflops to /users/rdscher/CLASS/cs491/HPCG/param_sweep/gpu/HPCG_results.csv
