Using parameter file /users/rdscher/CLASS/cs491/HPCG/param_sweep/gpu/HPCG_params.csv
Using template file /users/rdscher/CLASS/cs491/HPCG/param_sweep/gpu/HPCG_template.dat
Read param line 23: 20000, 20000, 20000, 300
Read param NX: 20000
Read param NY: 20000
Read param NZ: 20000
Read param TIME: 300
Temp directory: /carc/scratch/users/rdscher/tmp.TwBH3witm4
Created temporary working directory: /carc/scratch/users/rdscher/tmp.TwBH3witm4/23
Now running in /carc/scratch/users/rdscher/tmp.TwBH3witm4/23
Running xhpcg in /carc/scratch/users/rdscher/tmp.TwBH3witm4/23...
13:4: not a valid test operator: (
13:4: not a valid test operator: for
terminate called after throwing an instance of 'std::bad_array_new_length'
  what():  std::bad_array_new_length
[hopper062:799595] *** Process received signal ***
[hopper062:799595] Signal: Aborted (6)
[hopper062:799595] Signal code:  (-6)
[hopper062:799595] [ 0] /lib/x86_64-linux-gnu/libc.so.6(+0x42520)[0x15166a40e520]
[hopper062:799595] [ 1] /lib/x86_64-linux-gnu/libc.so.6(pthread_kill+0x12c)[0x15166a4629fc]
[hopper062:799595] [ 2] /lib/x86_64-linux-gnu/libc.so.6(raise+0x16)[0x15166a40e476]
[hopper062:799595] [ 3] /lib/x86_64-linux-gnu/libc.so.6(abort+0xd3)[0x15166a3f47f3]
[hopper062:799595] [ 4] /lib/x86_64-linux-gnu/libstdc++.so.6(+0xa2b9e)[0x15166a697b9e]
[hopper062:799595] [ 5] /lib/x86_64-linux-gnu/libstdc++.so.6(+0xae20c)[0x15166a6a320c]
[hopper062:799595] [ 6] /lib/x86_64-linux-gnu/libstdc++.so.6(+0xae277)[0x15166a6a3277]
[hopper062:799595] [ 7] /lib/x86_64-linux-gnu/libstdc++.so.6(+0xae4d8)[0x15166a6a34d8]
[hopper062:799595] [ 8] /lib/x86_64-linux-gnu/libstdc++.so.6(+0xa2681)[0x15166a697681]
[hopper062:799595] [ 9] /workspace/hpcg-linux-x86_64/xhpcg(+0x13542)[0x55e62123b542]
[hopper062:799595] [10] /workspace/hpcg-linux-x86_64/xhpcg(+0x1b6be)[0x55e6212436be]
[hopper062:799595] [11] /lib/x86_64-linux-gnu/libc.so.6(+0x29d90)[0x15166a3f5d90]
[hopper062:799595] [12] /lib/x86_64-linux-gnu/libc.so.6(__libc_start_main+0x80)[0x15166a3f5e40]
[hopper062:799595] [13] /workspace/hpcg-linux-x86_64/xhpcg(+0x1f4c5)[0x55e6212474c5]
[hopper062:799595] *** End of error message ***
/users/rdscher/CLASS/cs491/HPCG/hpcg.sh: line 299: 799595 Aborted                 ${NUMCMD} ${CPUBIND} ${MEMBIND} ${XHPCG} ${DAT} ${HPCG_CONTROL}
srun: error: hopper062: task 0: Exited with exit code 134
xhpcg finished
Final Summary:

Results Gflops: 
Writing input parameters and gflops to /users/rdscher/CLASS/cs491/HPCG/param_sweep/gpu/HPCG_results.csv
