Using parameter file /users/rdscher/CLASS/cs491/HPCG/param_sweep/gpu/HPCG_params.csv
Using template file /users/rdscher/CLASS/cs491/HPCG/param_sweep/gpu/HPCG_template.dat
Read param line 6: 112, 128, 112, 60
Read param NX: 112
Read param NY: 128
Read param NZ: 112
Read param TIME: 60
Temp directory: /carc/scratch/users/rdscher/tmp.kijxO9w1O1
Created temporary working directory: /carc/scratch/users/rdscher/tmp.kijxO9w1O1/6
Now running in /carc/scratch/users/rdscher/tmp.kijxO9w1O1/6
Running xhpcg in /carc/scratch/users/rdscher/tmp.kijxO9w1O1/6...
13:4: not a valid test operator: (
13:4: not a valid test operator: for
13:4: not a valid test operator: (
13:4: not a valid test operator: for
13:4: not a valid test operator: (
13:4: not a valid test operator: for
13:4: not a valid test operator: (
13:4: not a valid test operator: for
xhpcg finished
Final Summary:
Final Summary::HPCG result is VALID with a GFLOP/s rating of=11.5156
Results Gflops: 11.5156
Writing input parameters and gflops to /users/rdscher/CLASS/cs491/HPCG/param_sweep/gpu/HPCG_results.csv
