Using parameter file /users/rdscher/CLASS/cs491/HPCG/param_sweep/gpu/HPCG_params.csv
Using template file /users/rdscher/CLASS/cs491/HPCG/param_sweep/gpu/HPCG_template.dat
Read param line 13: 112, 144, 144, 60
Read param NX: 112
Read param NY: 144
Read param NZ: 144
Read param TIME: 60
Temp directory: /carc/scratch/users/rdscher/tmp.9uZMRLqquL
Created temporary working directory: /carc/scratch/users/rdscher/tmp.9uZMRLqquL/13
Now running in /carc/scratch/users/rdscher/tmp.9uZMRLqquL/13
Running xhpcg in /carc/scratch/users/rdscher/tmp.9uZMRLqquL/13...
13:4: not a valid test operator: (
13:4: not a valid test operator: for
13:4: not a valid test operator: (
13:4: not a valid test operator: for
13:4: not a valid test operator: (
13:4: not a valid test operator: for
13:4: not a valid test operator: (
13:4: not a valid test operator: for
xhpcg finished
Final Summary:
Final Summary::HPCG result is VALID with a GFLOP/s rating of=15.9322
Results Gflops: 15.9322
Writing input parameters and gflops to /users/rdscher/CLASS/cs491/HPCG/param_sweep/gpu/HPCG_results.csv
