Using parameter file /users/rdscher/CLASS/cs491/HPL/verify/wheeler/HPL_params.csv
Using template file /users/rdscher/CLASS/cs491/HPL/verify/wheeler/HPL_template.dat
Read param line 8: ##
Read param BLOCK_SIZE: ##
Read param P_VAL:
Read param Q_VAL:
Read param N_VAL:
Temp directory: /carc/scratch/users/rdscher/tmp.0kpb63GcG0
Created temporary working directory: /carc/scratch/users/rdscher/tmp.0kpb63GcG0/8
Now running in /carc/scratch/users/rdscher/tmp.0kpb63GcG0/8
Running xhpl in /carc/scratch/users/rdscher/tmp.0kpb63GcG0/8...
HPL ERROR from process # 0, on line 367 of function HPL_pdinfo:
>>> Value of NB less than 1 <<<

HPL ERROR from process # 0, on line 621 of function HPL_pdinfo:
>>> Illegal input in file HPL.dat. Exiting ... <<<

srun: error: wheeler088: tasks 224-231: Exited with exit code 1
srun: error: wheeler031: tasks 112-119: Exited with exit code 1
srun: error: wheeler018: tasks 8-15: Exited with exit code 1
srun: error: wheeler027: tasks 80-87: Exited with exit code 1
srun: error: wheeler121: tasks 232-239: Exited with exit code 1
srun: error: wheeler019: tasks 16-23: Exited with exit code 1
srun: error: wheeler157: tasks 264-271: Exited with exit code 1
srun: error: wheeler025: tasks 64-71: Exited with exit code 1
srun: error: wheeler057: tasks 152-159: Exited with exit code 1
srun: error: wheeler060: tasks 176-183: Exited with exit code 1
srun: error: wheeler030: tasks 104-111: Exited with exit code 1
srun: error: wheeler033: tasks 128-135: Exited with exit code 1
srun: error: wheeler022: tasks 40-47: Exited with exit code 1
srun: error: wheeler021: tasks 32-39: Exited with exit code 1
srun: error: wheeler032: tasks 120-127: Exited with exit code 1
srun: error: wheeler062: tasks 192-199: Exited with exit code 1
srun: error: wheeler026: tasks 72-79: Exited with exit code 1
srun: error: wheeler077: tasks 208-215: Exited with exit code 1
srun: error: wheeler061: tasks 184-191: Exited with exit code 1
srun: error: wheeler177: tasks 288-295: Exited with exit code 1
srun: error: wheeler028: tasks 88-95: Exited with exit code 1
srun: error: wheeler244: tasks 336-343: Exited with exit code 1
srun: error: wheeler176: tasks 280-287: Exited with exit code 1
srun: error: wheeler248: tasks 352-359: Exited with exit code 1
srun: error: wheeler123: tasks 248-255: Exited with exit code 1
srun: error: wheeler023: tasks 48-55: Exited with exit code 1
srun: error: wheeler087: tasks 216-223: Exited with exit code 1
srun: error: wheeler258: tasks 384-391: Exited with exit code 1
srun: error: wheeler247: tasks 344-351: Exited with exit code 1
srun: error: wheeler171: tasks 272-279: Exited with exit code 1
srun: error: wheeler178: tasks 296-303: Exited with exit code 1
srun: error: wheeler191: tasks 304-311: Exited with exit code 1
srun: error: wheeler063: tasks 200-207: Exited with exit code 1
srun: error: wheeler250: tasks 368-375: Exited with exit code 1
srun: error: wheeler059: tasks 168-175: Exited with exit code 1
srun: error: wheeler029: tasks 96-103: Exited with exit code 1
srun: error: wheeler243: tasks 328-335: Exited with exit code 1
srun: error: wheeler056: tasks 144-151: Exited with exit code 1
srun: error: wheeler041: tasks 136-143: Exited with exit code 1
srun: error: wheeler194: tasks 312-319: Exited with exit code 1
srun: error: wheeler259: tasks 392-399: Exited with exit code 1
srun: error: wheeler024: tasks 56-63: Exited with exit code 1
srun: error: wheeler004: tasks 0-7: Exited with exit code 1
srun: error: wheeler058: tasks 160-167: Exited with exit code 1
srun: error: wheeler224: tasks 320-327: Exited with exit code 1
srun: error: wheeler249: tasks 360-367: Exited with exit code 1
srun: error: wheeler122: tasks 240-247: Exited with exit code 1
srun: error: wheeler020: tasks 24-31: Exited with exit code 1
srun: error: wheeler251: tasks 376-383: Exited with exit code 1
srun: error: wheeler154: tasks 256-263: Exited with exit code 1
xhpl finished
Results:
Results data:
Results Gflops:
Writing input parameters and gflops to /users/rdscher/CLASS/cs491/HPL/verify/wheeler/HPL_results.csv
Deleted /carc/scratch/users/rdscher/tmp.0kpb63GcG0
